<?xml version="1.0" encoding="UTF-8"?>
<!-- Generated by org.testng.reporters.JUnitReportReporter -->
<testsuite hostname="DESKTOP-V5DK38T" failures="0" tests="1" name="CAW_Studio.Tests.DynamicTableDataTest" time="26.074" errors="0" timestamp="2024-02-28T16:15:30 IST" skipped="0">
  <testcase classname="CAW_Studio.Tests.DynamicTableDataTest" name="DynamicTableDataValidation" time="26.074"/>
  <system-out/>
</testsuite> <!-- CAW_Studio.Tests.DynamicTableDataTest -->
